# JRE version: Java(TM) SE Runtime Environment (8.0_151-b12) (build 1.8.0_151-b12)
# Java VM: Java HotSpot(TM) 64-Bit Server VM (25.151-b12 mixed mode windows-amd64 compressed oops)
Heap:
 PSYoungGen      total 73728K, used 54202K [0x000000076b500000, 0x0000000770780000, 0x00000007c0000000)
  eden space 64000K, 70% used [0x000000076b500000,0x000000076e0ebcf8,0x000000076f380000)
  from space 9728K, 94% used [0x000000076f500000,0x000000076fe02da0,0x000000076fe80000)
  to   space 9216K, 0% used [0x000000076fe80000,0x000000076fe80000,0x0000000770780000)
 ParOldGen       total 175104K, used 64K [0x00000006c1e00000, 0x00000006cc900000, 0x000000076b500000)
  object space 175104K, 0% used [0x00000006c1e00000,0x00000006c1e10000,0x00000006cc900000)
 Metaspace       used 19011K, capacity 19556K, committed 19712K, reserved 1067008K
  class space    used 2390K, capacity 2558K, committed 2560K, reserved 1048576K
GC Heap History (10 events):
Event: 1.245 GC heap before
{Heap before GC invocations=1 (full 0):
 PSYoungGen      total 76288K, used 65536K [0x000000076b500000, 0x0000000770a00000, 0x00000007c0000000)
  eden space 65536K, 100% used [0x000000076b500000,0x000000076f500000,0x000000076f500000)
  from space 10752K, 0% used [0x000000076ff80000,0x000000076ff80000,0x0000000770a00000)
  to   space 10752K, 0% used [0x000000076f500000,0x000000076f500000,0x000000076ff80000)
 ParOldGen       total 175104K, used 0K [0x00000006c1e00000, 0x00000006cc900000, 0x000000076b500000)
  object space 175104K, 0% used [0x00000006c1e00000,0x00000006c1e00000,0x00000006cc900000)
 Metaspace       used 12303K, capacity 12550K, committed 12800K, reserved 1060864K
  class space    used 1613K, capacity 1703K, committed 1792K, reserved 1048576K
Event: 1.254 GC heap after
Heap after GC invocations=1 (full 0):
 PSYoungGen      total 76288K, used 7284K [0x000000076b500000, 0x0000000770a00000, 0x00000007c0000000)
  eden space 65536K, 0% used [0x000000076b500000,0x000000076b500000,0x000000076f500000)
  from space 10752K, 67% used [0x000000076f500000,0x000000076fc1d2e0,0x000000076ff80000)
  to   space 10752K, 0% used [0x000000076ff80000,0x000000076ff80000,0x0000000770a00000)
 ParOldGen       total 175104K, used 16K [0x00000006c1e00000, 0x00000006cc900000, 0x000000076b500000)
  object space 175104K, 0% used [0x00000006c1e00000,0x00000006c1e04000,0x00000006cc900000)
 Metaspace       used 12303K, capacity 12550K, committed 12800K, reserved 1060864K
  class space    used 1613K, capacity 1703K, committed 1792K, reserved 1048576K
}
Event: 29.065 GC heap before
{Heap before GC invocations=2 (full 0):
 PSYoungGen      total 76288K, used 72820K [0x000000076b500000, 0x0000000770a00000, 0x00000007c0000000)
  eden space 65536K, 100% used [0x000000076b500000,0x000000076f500000,0x000000076f500000)
  from space 10752K, 67% used [0x000000076f500000,0x000000076fc1d2e0,0x000000076ff80000)
  to   space 10752K, 0% used [0x000000076ff80000,0x000000076ff80000,0x0000000770a00000)
 ParOldGen       total 175104K, used 16K [0x00000006c1e00000, 0x00000006cc900000, 0x000000076b500000)
  object space 175104K, 0% used [0x00000006c1e00000,0x00000006c1e04000,0x00000006cc900000)
 Metaspace       used 17652K, capacity 18172K, committed 18432K, reserved 1064960K
  class space    used 2351K, capacity 2526K, committed 2560K, reserved 1048576K
Event: 29.072 GC heap after
Heap after GC invocations=2 (full 0):
 PSYoungGen      total 76288K, used 8914K [0x000000076b500000, 0x0000000770a00000, 0x00000007c0000000)
  eden space 65536K, 0% used [0x000000076b500000,0x000000076b500000,0x000000076f500000)
  from space 10752K, 82% used [0x000000076ff80000,0x0000000770834988,0x0000000770a00000)
  to   space 10752K, 0% used [0x000000076f500000,0x000000076f500000,0x000000076ff80000)
 ParOldGen       total 175104K, used 32K [0x00000006c1e00000, 0x00000006cc900000, 0x000000076b500000)
  object space 175104K, 0% used [0x00000006c1e00000,0x00000006c1e08000,0x00000006cc900000)
 Metaspace       used 17652K, capacity 18172K, committed 18432K, reserved 1064960K
  class space    used 2351K, capacity 2526K, committed 2560K, reserved 1048576K
}
Event: 122.236 GC heap before
{Heap before GC invocations=3 (full 0):
 PSYoungGen      total 76288K, used 74450K [0x000000076b500000, 0x0000000770a00000, 0x00000007c0000000)
  eden space 65536K, 100% used [0x000000076b500000,0x000000076f500000,0x000000076f500000)
  from space 10752K, 82% used [0x000000076ff80000,0x0000000770834988,0x0000000770a00000)
  to   space 10752K, 0% used [0x000000076f500000,0x000000076f500000,0x000000076ff80000)
 ParOldGen       total 175104K, used 32K [0x00000006c1e00000, 0x00000006cc900000, 0x000000076b500000)
  object space 175104K, 0% used [0x00000006c1e00000,0x00000006c1e08000,0x00000006cc900000)
 Metaspace       used 18304K, capacity 18826K, committed 18944K, reserved 1064960K
  class space    used 2370K, capacity 2537K, committed 2560K, reserved 1048576K
Event: 122.241 GC heap after
Heap after GC invocations=3 (full 0):
 PSYoungGen      total 76288K, used 7388K [0x000000076b500000, 0x0000000770a00000, 0x00000007c0000000)
  eden space 65536K, 0% used [0x000000076b500000,0x000000076b500000,0x000000076f500000)
  from space 10752K, 68% used [0x000000076f500000,0x000000076fc372b8,0x000000076ff80000)
  to   space 10752K, 0% used [0x000000076ff80000,0x000000076ff80000,0x0000000770a00000)
 ParOldGen       total 175104K, used 48K [0x00000006c1e00000, 0x00000006cc900000, 0x000000076b500000)
  object space 175104K, 0% used [0x00000006c1e00000,0x00000006c1e0c000,0x00000006cc900000)
 Metaspace       used 18304K, capacity 18826K, committed 18944K, reserved 1064960K
  class space    used 2370K, capacity 2537K, committed 2560K, reserved 1048576K
}
Event: 239.330 GC heap before
{Heap before GC invocations=4 (full 0):
 PSYoungGen      total 76288K, used 72924K [0x000000076b500000, 0x0000000770a00000, 0x00000007c0000000)
  eden space 65536K, 100% used [0x000000076b500000,0x000000076f500000,0x000000076f500000)
  from space 10752K, 68% used [0x000000076f500000,0x000000076fc372b8,0x000000076ff80000)
  to   space 10752K, 0% used [0x000000076ff80000,0x000000076ff80000,0x0000000770a00000)
 ParOldGen       total 175104K, used 48K [0x00000006c1e00000, 0x00000006cc900000, 0x000000076b500000)
  object space 175104K, 0% used [0x00000006c1e00000,0x00000006c1e0c000,0x00000006cc900000)
 Metaspace       used 18641K, capacity 19176K, committed 19200K, reserved 1067008K
  class space    used 2375K, capacity 2540K, committed 2560K, reserved 1048576K
Event: 239.340 GC heap after
Heap after GC invocations=4 (full 0):
 PSYoungGen      total 76288K, used 8811K [0x000000076b500000, 0x0000000770a00000, 0x00000007c0000000)
  eden space 65536K, 0% used [0x000000076b500000,0x000000076b500000,0x000000076f500000)
  from space 10752K, 81% used [0x000000076ff80000,0x000000077081ad70,0x0000000770a00000)
  to   space 10752K, 0% used [0x000000076f500000,0x000000076f500000,0x000000076ff80000)
 ParOldGen       total 175104K, used 56K [0x00000006c1e00000, 0x00000006cc900000, 0x000000076b500000)
  object space 175104K, 0% used [0x00000006c1e00000,0x00000006c1e0e000,0x00000006cc900000)
 Metaspace       used 18641K, capacity 19176K, committed 19200K, reserved 1067008K
  class space    used 2375K, capacity 2540K, committed 2560K, reserved 1048576K
}
Event: 694.278 GC heap before
{Heap before GC invocations=5 (full 0):
 PSYoungGen      total 76288K, used 74347K [0x000000076b500000, 0x0000000770a00000, 0x00000007c0000000)
  eden space 65536K, 100% used [0x000000076b500000,0x000000076f500000,0x000000076f500000)
  from space 10752K, 81% used [0x000000076ff80000,0x000000077081ad70,0x0000000770a00000)
  to   space 10752K, 0% used [0x000000076f500000,0x000000076f500000,0x000000076ff80000)
 ParOldGen       total 175104K, used 56K [0x00000006c1e00000, 0x00000006cc900000, 0x000000076b500000)
  object space 175104K, 0% used [0x00000006c1e00000,0x00000006c1e0e000,0x00000006cc900000)
 Metaspace       used 18837K, capacity 19372K, committed 19456K, reserved 1067008K
  class space    used 2375K, capacity 2540K, committed 2560K, reserved 1048576K
Event: 694.285 GC heap after
Heap after GC invocations=5 (full 0):
 PSYoungGen      total 73728K, used 9227K [0x000000076b500000, 0x0000000770780000, 0x00000007c0000000)
  eden space 64000K, 0% used [0x000000076b500000,0x000000076b500000,0x000000076f380000)
  from space 9728K, 94% used [0x000000076f500000,0x000000076fe02da0,0x000000076fe80000)
  to   space 9216K, 0% used [0x000000076fe80000,0x000000076fe80000,0x0000000770780000)
 ParOldGen       total 175104K, used 64K [0x00000006c1e00000, 0x00000006cc900000, 0x000000076b500000)
  object space 175104K, 0% used [0x00000006c1e00000,0x00000006c1e10000,0x00000006cc900000)
 Metaspace       used 18837K, capacity 19372K, committed 19456K, reserved 1067008K
  class space    used 2375K, capacity 2540K, committed 2560K, reserved 1048576K
}

